<?xml version="1.0" encoding="UTF-8"?>
<!-- Generated by org.testng.reporters.JUnitReportReporter -->
<testsuite hostname="Lautaro" failures="0" tests="1" name="com.rimworld.carina.demo.HelloWorld" time="0.026" errors="0" timestamp="2024-11-25T19:26:03 ART" skipped="0">
  <testcase classname="com.rimworld.carina.demo.HelloWorld" name="helloWorld" time="0.026"/>
  <system-out/>
</testsuite> <!-- com.rimworld.carina.demo.HelloWorld -->
